<?xml version="1.0" encoding="UTF-8"?>
<testsuite name="HelloTest" tests="1" skipped="0" failures="0" errors="0" timestamp="2020-08-29T17:26:15" hostname="LAPTOP-SEG0GH49" time="0.043">
  <properties/>
  <testcase name="testGetHello" classname="HelloTest" time="0.043"/>
  <system-out><![CDATA[Antes del TEST
Durante el TEST
Despues de test
]]></system-out>
  <system-err><![CDATA[]]></system-err>
</testsuite>
